[0.624s] DEBUG:colcon:Command line arguments: ['/usr/bin/colcon', 'build', '--packages-select', 'turtlebot_nav2_slam']
[0.625s] DEBUG:colcon:Parsed command line arguments: Namespace(log_base=None, log_level=None, verb_name='build', build_base='build', install_base='install', merge_install=False, symlink_install=False, test_result_base=None, continue_on_error=False, executor='parallel', parallel_workers=12, event_handlers=None, ignore_user_meta=False, metas=['./colcon.meta'], base_paths=['.'], packages_ignore=None, packages_ignore_regex=None, paths=None, packages_up_to=None, packages_up_to_regex=None, packages_above=None, packages_above_and_dependencies=None, packages_above_depth=None, packages_select_by_dep=None, packages_skip_by_dep=None, packages_skip_up_to=None, packages_select_build_failed=False, packages_skip_build_finished=False, packages_select_test_failures=False, packages_skip_test_passed=False, packages_select=['turtlebot_nav2_slam'], packages_skip=None, packages_select_regex=None, packages_skip_regex=None, packages_start=None, packages_end=None, allow_overriding=[], cmake_args=None, cmake_target=None, cmake_target_skip_unavailable=False, cmake_clean_cache=False, cmake_clean_first=False, cmake_force_configure=False, ament_cmake_args=None, catkin_cmake_args=None, catkin_skip_building_tests=False, mixin_files=None, mixin=None, verb_parser=<colcon_mixin.mixin.mixin_argument.MixinArgumentDecorator object at 0x7d13256754c0>, verb_extension=<colcon_core.verb.build.BuildVerb object at 0x7d1325674c50>, main=<bound method BuildVerb.main of <colcon_core.verb.build.BuildVerb object at 0x7d1325674c50>>, mixin_verb=('build',))
[0.807s] Level 1:colcon.colcon_core.package_discovery:discover_packages(colcon_meta) check parameters
[0.808s] Level 1:colcon.colcon_core.package_discovery:discover_packages(recursive) check parameters
[0.808s] Level 1:colcon.colcon_core.package_discovery:discover_packages(ignore) check parameters
[0.808s] Level 1:colcon.colcon_core.package_discovery:discover_packages(path) check parameters
[0.809s] Level 1:colcon.colcon_core.package_discovery:discover_packages(colcon_meta) discover
[0.809s] Level 1:colcon.colcon_core.package_discovery:discover_packages(recursive) discover
[0.809s] INFO:colcon.colcon_core.package_discovery:Crawling recursively for packages in '/home/anurag-mittal/nav2_slam_ws'
[0.810s] Level 1:colcon.colcon_core.package_identification:_identify(.) by extensions ['ignore', 'ignore_ament_install']
[0.811s] Level 1:colcon.colcon_core.package_identification:_identify(.) by extension 'ignore'
[0.811s] Level 1:colcon.colcon_core.package_identification:_identify(.) by extension 'ignore_ament_install'
[0.812s] Level 1:colcon.colcon_core.package_identification:_identify(.) by extensions ['colcon_pkg']
[0.812s] Level 1:colcon.colcon_core.package_identification:_identify(.) by extension 'colcon_pkg'
[0.812s] Level 1:colcon.colcon_core.package_identification:_identify(.) by extensions ['colcon_meta']
[0.812s] Level 1:colcon.colcon_core.package_identification:_identify(.) by extension 'colcon_meta'
[0.812s] Level 1:colcon.colcon_core.package_identification:_identify(.) by extensions ['ros']
[0.813s] Level 1:colcon.colcon_core.package_identification:_identify(.) by extension 'ros'
[0.955s] Level 1:colcon.colcon_core.package_identification:_identify(.) by extensions ['cmake', 'python']
[0.956s] Level 1:colcon.colcon_core.package_identification:_identify(.) by extension 'cmake'
[0.956s] Level 1:colcon.colcon_core.package_identification:_identify(.) by extension 'python'
[0.956s] Level 1:colcon.colcon_core.package_identification:_identify(.) by extensions ['python_setup_py']
[0.956s] Level 1:colcon.colcon_core.package_identification:_identify(.) by extension 'python_setup_py'
[0.957s] Level 1:colcon.colcon_core.package_identification:_identify(build) by extensions ['ignore', 'ignore_ament_install']
[0.957s] Level 1:colcon.colcon_core.package_identification:_identify(build) by extension 'ignore'
[0.957s] Level 1:colcon.colcon_core.package_identification:_identify(build) ignored
[0.958s] Level 1:colcon.colcon_core.package_identification:_identify(install) by extensions ['ignore', 'ignore_ament_install']
[0.958s] Level 1:colcon.colcon_core.package_identification:_identify(install) by extension 'ignore'
[0.958s] Level 1:colcon.colcon_core.package_identification:_identify(install) ignored
[0.959s] Level 1:colcon.colcon_core.package_identification:_identify(log) by extensions ['ignore', 'ignore_ament_install']
[0.959s] Level 1:colcon.colcon_core.package_identification:_identify(log) by extension 'ignore'
[0.959s] Level 1:colcon.colcon_core.package_identification:_identify(log) ignored
[0.959s] Level 1:colcon.colcon_core.package_identification:_identify(src) by extensions ['ignore', 'ignore_ament_install']
[0.960s] Level 1:colcon.colcon_core.package_identification:_identify(src) by extension 'ignore'
[0.960s] Level 1:colcon.colcon_core.package_identification:_identify(src) by extension 'ignore_ament_install'
[0.960s] Level 1:colcon.colcon_core.package_identification:_identify(src) by extensions ['colcon_pkg']
[0.960s] Level 1:colcon.colcon_core.package_identification:_identify(src) by extension 'colcon_pkg'
[0.960s] Level 1:colcon.colcon_core.package_identification:_identify(src) by extensions ['colcon_meta']
[0.960s] Level 1:colcon.colcon_core.package_identification:_identify(src) by extension 'colcon_meta'
[0.960s] Level 1:colcon.colcon_core.package_identification:_identify(src) by extensions ['ros']
[0.961s] Level 1:colcon.colcon_core.package_identification:_identify(src) by extension 'ros'
[0.961s] Level 1:colcon.colcon_core.package_identification:_identify(src) by extensions ['cmake', 'python']
[0.961s] Level 1:colcon.colcon_core.package_identification:_identify(src) by extension 'cmake'
[0.961s] Level 1:colcon.colcon_core.package_identification:_identify(src) by extension 'python'
[0.961s] Level 1:colcon.colcon_core.package_identification:_identify(src) by extensions ['python_setup_py']
[0.961s] Level 1:colcon.colcon_core.package_identification:_identify(src) by extension 'python_setup_py'
[0.962s] Level 1:colcon.colcon_core.package_identification:_identify(src/turtlebot_nav2_slam) by extensions ['ignore', 'ignore_ament_install']
[0.962s] Level 1:colcon.colcon_core.package_identification:_identify(src/turtlebot_nav2_slam) by extension 'ignore'
[0.962s] Level 1:colcon.colcon_core.package_identification:_identify(src/turtlebot_nav2_slam) by extension 'ignore_ament_install'
[0.963s] Level 1:colcon.colcon_core.package_identification:_identify(src/turtlebot_nav2_slam) by extensions ['colcon_pkg']
[0.963s] Level 1:colcon.colcon_core.package_identification:_identify(src/turtlebot_nav2_slam) by extension 'colcon_pkg'
[0.963s] Level 1:colcon.colcon_core.package_identification:_identify(src/turtlebot_nav2_slam) by extensions ['colcon_meta']
[0.963s] Level 1:colcon.colcon_core.package_identification:_identify(src/turtlebot_nav2_slam) by extension 'colcon_meta'
[0.963s] Level 1:colcon.colcon_core.package_identification:_identify(src/turtlebot_nav2_slam) by extensions ['ros']
[0.963s] Level 1:colcon.colcon_core.package_identification:_identify(src/turtlebot_nav2_slam) by extension 'ros'
[0.977s] DEBUG:colcon.colcon_core.package_identification:Package 'src/turtlebot_nav2_slam' with type 'ros.ament_python' and name 'turtlebot_nav2_slam'
[0.977s] Level 1:colcon.colcon_core.package_discovery:discover_packages(recursive) using defaults
[0.978s] Level 1:colcon.colcon_core.package_discovery:discover_packages(ignore) discover
[0.978s] Level 1:colcon.colcon_core.package_discovery:discover_packages(ignore) using defaults
[0.978s] Level 1:colcon.colcon_core.package_discovery:discover_packages(path) discover
[0.978s] Level 1:colcon.colcon_core.package_discovery:discover_packages(path) using defaults
[1.065s] Level 1:colcon.colcon_core.package_discovery:discover_packages(prefix_path) check parameters
[1.065s] Level 1:colcon.colcon_core.package_discovery:discover_packages(prefix_path) discover
[1.084s] DEBUG:colcon.colcon_installed_package_information.package_discovery:Found 1 installed packages in /home/anurag-mittal/nav2_slam_ws/install
[1.087s] DEBUG:colcon.colcon_installed_package_information.package_discovery:Found 1 installed packages in /home/anurag-mittal/turtlebot_trajectory_ws/install
[1.096s] DEBUG:colcon.colcon_installed_package_information.package_discovery:Found 395 installed packages in /opt/ros/jazzy
[1.108s] Level 1:colcon.colcon_core.package_discovery:discover_packages(prefix_path) using defaults
[1.497s] Level 5:colcon.colcon_core.verb:set package 'turtlebot_nav2_slam' build argument 'cmake_args' from command line to 'None'
[1.497s] Level 5:colcon.colcon_core.verb:set package 'turtlebot_nav2_slam' build argument 'cmake_target' from command line to 'None'
[1.497s] Level 5:colcon.colcon_core.verb:set package 'turtlebot_nav2_slam' build argument 'cmake_target_skip_unavailable' from command line to 'False'
[1.497s] Level 5:colcon.colcon_core.verb:set package 'turtlebot_nav2_slam' build argument 'cmake_clean_cache' from command line to 'False'
[1.497s] Level 5:colcon.colcon_core.verb:set package 'turtlebot_nav2_slam' build argument 'cmake_clean_first' from command line to 'False'
[1.497s] Level 5:colcon.colcon_core.verb:set package 'turtlebot_nav2_slam' build argument 'cmake_force_configure' from command line to 'False'
[1.497s] Level 5:colcon.colcon_core.verb:set package 'turtlebot_nav2_slam' build argument 'ament_cmake_args' from command line to 'None'
[1.497s] Level 5:colcon.colcon_core.verb:set package 'turtlebot_nav2_slam' build argument 'catkin_cmake_args' from command line to 'None'
[1.498s] Level 5:colcon.colcon_core.verb:set package 'turtlebot_nav2_slam' build argument 'catkin_skip_building_tests' from command line to 'False'
[1.498s] DEBUG:colcon.colcon_core.verb:Building package 'turtlebot_nav2_slam' with the following arguments: {'ament_cmake_args': None, 'build_base': '/home/anurag-mittal/nav2_slam_ws/build/turtlebot_nav2_slam', 'catkin_cmake_args': None, 'catkin_skip_building_tests': False, 'cmake_args': None, 'cmake_clean_cache': False, 'cmake_clean_first': False, 'cmake_force_configure': False, 'cmake_target': None, 'cmake_target_skip_unavailable': False, 'install_base': '/home/anurag-mittal/nav2_slam_ws/install/turtlebot_nav2_slam', 'merge_install': False, 'path': '/home/anurag-mittal/nav2_slam_ws/src/turtlebot_nav2_slam', 'symlink_install': False, 'test_result_base': None}
[1.499s] INFO:colcon.colcon_core.executor:Executing jobs using 'parallel' executor
[1.503s] DEBUG:colcon.colcon_parallel_executor.executor.parallel:run_until_complete
[1.503s] INFO:colcon.colcon_ros.task.ament_python.build:Building ROS package in '/home/anurag-mittal/nav2_slam_ws/src/turtlebot_nav2_slam' with build type 'ament_python'
[1.504s] Level 1:colcon.colcon_core.shell:create_environment_hook('turtlebot_nav2_slam', 'ament_prefix_path')
[1.521s] INFO:colcon.colcon_core.plugin_system:Skipping extension 'colcon_core.shell.bat': Not used on non-Windows systems
[1.522s] INFO:colcon.colcon_core.shell:Creating environment hook '/home/anurag-mittal/nav2_slam_ws/install/turtlebot_nav2_slam/share/turtlebot_nav2_slam/hook/ament_prefix_path.ps1'
[1.525s] INFO:colcon.colcon_core.shell:Creating environment descriptor '/home/anurag-mittal/nav2_slam_ws/install/turtlebot_nav2_slam/share/turtlebot_nav2_slam/hook/ament_prefix_path.dsv'
[1.527s] INFO:colcon.colcon_core.shell:Creating environment hook '/home/anurag-mittal/nav2_slam_ws/install/turtlebot_nav2_slam/share/turtlebot_nav2_slam/hook/ament_prefix_path.sh'
[1.531s] INFO:colcon.colcon_core.shell:Skip shell extension 'powershell' for command environment: Not usable outside of PowerShell
[1.531s] DEBUG:colcon.colcon_core.shell:Skip shell extension 'dsv' for command environment
[2.658s] INFO:colcon.colcon_core.task.python.build:Building Python package in '/home/anurag-mittal/nav2_slam_ws/src/turtlebot_nav2_slam'
[2.659s] INFO:colcon.colcon_core.shell:Skip shell extension 'powershell' for command environment: Not usable outside of PowerShell
[2.659s] DEBUG:colcon.colcon_core.shell:Skip shell extension 'dsv' for command environment
[6.176s] DEBUG:colcon.colcon_core.event_handler.log_command:Invoking command in '/home/anurag-mittal/nav2_slam_ws/src/turtlebot_nav2_slam': DEBUGINFOD_URLS=https://debuginfod.ubuntu.com PYTHONPATH=/home/anurag-mittal/nav2_slam_ws/build/turtlebot_nav2_slam/prefix_override:/usr/lib/python3/dist-packages/colcon_core/task/python/colcon_distutils_commands:/home/anurag-mittal/nav2_slam_ws/install/turtlebot_nav2_slam/lib/python3.12/site-packages:${PYTHONPATH} /usr/bin/python3 -W ignore:setup.py install is deprecated -W ignore:easy_install command is deprecated setup.py egg_info --egg-base ../../build/turtlebot_nav2_slam build --build-base /home/anurag-mittal/nav2_slam_ws/build/turtlebot_nav2_slam/build install --record /home/anurag-mittal/nav2_slam_ws/build/turtlebot_nav2_slam/install.log --single-version-externally-managed install_data
[9.552s] DEBUG:colcon.colcon_core.event_handler.log_command:Invoked command in '/home/anurag-mittal/nav2_slam_ws/src/turtlebot_nav2_slam' returned '0': DEBUGINFOD_URLS=https://debuginfod.ubuntu.com PYTHONPATH=/home/anurag-mittal/nav2_slam_ws/build/turtlebot_nav2_slam/prefix_override:/usr/lib/python3/dist-packages/colcon_core/task/python/colcon_distutils_commands:/home/anurag-mittal/nav2_slam_ws/install/turtlebot_nav2_slam/lib/python3.12/site-packages:${PYTHONPATH} /usr/bin/python3 -W ignore:setup.py install is deprecated -W ignore:easy_install command is deprecated setup.py egg_info --egg-base ../../build/turtlebot_nav2_slam build --build-base /home/anurag-mittal/nav2_slam_ws/build/turtlebot_nav2_slam/build install --record /home/anurag-mittal/nav2_slam_ws/build/turtlebot_nav2_slam/install.log --single-version-externally-managed install_data
[9.569s] Level 1:colcon.colcon_core.environment:checking '/home/anurag-mittal/nav2_slam_ws/install/turtlebot_nav2_slam' for CMake module files
[9.573s] Level 1:colcon.colcon_core.environment:checking '/home/anurag-mittal/nav2_slam_ws/install/turtlebot_nav2_slam' for CMake config files
[9.579s] Level 1:colcon.colcon_core.environment:checking '/home/anurag-mittal/nav2_slam_ws/install/turtlebot_nav2_slam/lib'
[9.579s] Level 1:colcon.colcon_core.environment:checking '/home/anurag-mittal/nav2_slam_ws/install/turtlebot_nav2_slam/bin'
[9.580s] Level 1:colcon.colcon_core.environment:checking '/home/anurag-mittal/nav2_slam_ws/install/turtlebot_nav2_slam/lib/pkgconfig/turtlebot_nav2_slam.pc'
[9.581s] Level 1:colcon.colcon_core.environment:checking '/home/anurag-mittal/nav2_slam_ws/install/turtlebot_nav2_slam/lib/python3.12/site-packages'
[9.583s] Level 1:colcon.colcon_core.shell:create_environment_hook('turtlebot_nav2_slam', 'pythonpath')
[9.583s] INFO:colcon.colcon_core.shell:Creating environment hook '/home/anurag-mittal/nav2_slam_ws/install/turtlebot_nav2_slam/share/turtlebot_nav2_slam/hook/pythonpath.ps1'
[9.585s] INFO:colcon.colcon_core.shell:Creating environment descriptor '/home/anurag-mittal/nav2_slam_ws/install/turtlebot_nav2_slam/share/turtlebot_nav2_slam/hook/pythonpath.dsv'
[9.587s] INFO:colcon.colcon_core.shell:Creating environment hook '/home/anurag-mittal/nav2_slam_ws/install/turtlebot_nav2_slam/share/turtlebot_nav2_slam/hook/pythonpath.sh'
[9.590s] Level 1:colcon.colcon_core.environment:checking '/home/anurag-mittal/nav2_slam_ws/install/turtlebot_nav2_slam/bin'
[9.590s] Level 1:colcon.colcon_core.environment:create_environment_scripts_only(turtlebot_nav2_slam)
[9.593s] INFO:colcon.colcon_core.shell:Creating package script '/home/anurag-mittal/nav2_slam_ws/install/turtlebot_nav2_slam/share/turtlebot_nav2_slam/package.ps1'
[9.599s] INFO:colcon.colcon_core.shell:Creating package descriptor '/home/anurag-mittal/nav2_slam_ws/install/turtlebot_nav2_slam/share/turtlebot_nav2_slam/package.dsv'
[9.604s] INFO:colcon.colcon_core.shell:Creating package script '/home/anurag-mittal/nav2_slam_ws/install/turtlebot_nav2_slam/share/turtlebot_nav2_slam/package.sh'
[9.608s] INFO:colcon.colcon_core.shell:Creating package script '/home/anurag-mittal/nav2_slam_ws/install/turtlebot_nav2_slam/share/turtlebot_nav2_slam/package.bash'
[9.612s] INFO:colcon.colcon_core.shell:Creating package script '/home/anurag-mittal/nav2_slam_ws/install/turtlebot_nav2_slam/share/turtlebot_nav2_slam/package.zsh'
[9.616s] Level 1:colcon.colcon_core.environment:create_file_with_runtime_dependencies(/home/anurag-mittal/nav2_slam_ws/install/turtlebot_nav2_slam/share/colcon-core/packages/turtlebot_nav2_slam)
[9.618s] DEBUG:colcon.colcon_parallel_executor.executor.parallel:closing loop
[9.619s] DEBUG:colcon.colcon_parallel_executor.executor.parallel:loop closed
[9.619s] DEBUG:colcon.colcon_parallel_executor.executor.parallel:run_until_complete finished with '0'
[9.619s] DEBUG:colcon.colcon_core.event_reactor:joining thread
[9.662s] INFO:colcon.colcon_core.plugin_system:Skipping extension 'colcon_notification.desktop_notification.terminal_notifier': Not used on non-Darwin systems
[9.662s] INFO:colcon.colcon_core.plugin_system:Skipping extension 'colcon_notification.desktop_notification.win32': Not used on non-Windows systems
[9.663s] INFO:colcon.colcon_notification.desktop_notification:Sending desktop notification using 'notify2'
[9.736s] DEBUG:colcon.colcon_core.event_reactor:joined thread
[9.737s] INFO:colcon.colcon_core.shell:Creating prefix script '/home/anurag-mittal/nav2_slam_ws/install/local_setup.ps1'
[9.741s] INFO:colcon.colcon_core.shell:Creating prefix util module '/home/anurag-mittal/nav2_slam_ws/install/_local_setup_util_ps1.py'
[9.745s] INFO:colcon.colcon_core.shell:Creating prefix chain script '/home/anurag-mittal/nav2_slam_ws/install/setup.ps1'
[9.752s] INFO:colcon.colcon_core.shell:Creating prefix script '/home/anurag-mittal/nav2_slam_ws/install/local_setup.sh'
[9.756s] INFO:colcon.colcon_core.shell:Creating prefix util module '/home/anurag-mittal/nav2_slam_ws/install/_local_setup_util_sh.py'
[9.760s] INFO:colcon.colcon_core.shell:Creating prefix chain script '/home/anurag-mittal/nav2_slam_ws/install/setup.sh'
[9.769s] INFO:colcon.colcon_core.shell:Creating prefix script '/home/anurag-mittal/nav2_slam_ws/install/local_setup.bash'
[9.773s] INFO:colcon.colcon_core.shell:Creating prefix chain script '/home/anurag-mittal/nav2_slam_ws/install/setup.bash'
[9.780s] INFO:colcon.colcon_core.shell:Creating prefix script '/home/anurag-mittal/nav2_slam_ws/install/local_setup.zsh'
[9.783s] INFO:colcon.colcon_core.shell:Creating prefix chain script '/home/anurag-mittal/nav2_slam_ws/install/setup.zsh'
