running egg_info
creating ../../build/turtlebot_nav2_slam/turtlebot_nav2_slam.egg-info
writing ../../build/turtlebot_nav2_slam/turtlebot_nav2_slam.egg-info/PKG-INFO
writing dependency_links to ../../build/turtlebot_nav2_slam/turtlebot_nav2_slam.egg-info/dependency_links.txt
writing entry points to ../../build/turtlebot_nav2_slam/turtlebot_nav2_slam.egg-info/entry_points.txt
writing requirements to ../../build/turtlebot_nav2_slam/turtlebot_nav2_slam.egg-info/requires.txt
writing top-level names to ../../build/turtlebot_nav2_slam/turtlebot_nav2_slam.egg-info/top_level.txt
writing manifest file '../../build/turtlebot_nav2_slam/turtlebot_nav2_slam.egg-info/SOURCES.txt'
reading manifest file '../../build/turtlebot_nav2_slam/turtlebot_nav2_slam.egg-info/SOURCES.txt'
writing manifest file '../../build/turtlebot_nav2_slam/turtlebot_nav2_slam.egg-info/SOURCES.txt'
running build
running build_py
creating /home/anurag-mittal/nav2_slam_ws/build/turtlebot_nav2_slam/build
creating /home/anurag-mittal/nav2_slam_ws/build/turtlebot_nav2_slam/build/lib
creating /home/anurag-mittal/nav2_slam_ws/build/turtlebot_nav2_slam/build/lib/turtlebot_nav2_slam
copying turtlebot_nav2_slam/__init__.py -> /home/anurag-mittal/nav2_slam_ws/build/turtlebot_nav2_slam/build/lib/turtlebot_nav2_slam
running install
running install_lib
creating /home/anurag-mittal/nav2_slam_ws/install/turtlebot_nav2_slam/lib/python3.12/site-packages/turtlebot_nav2_slam
copying /home/anurag-mittal/nav2_slam_ws/build/turtlebot_nav2_slam/build/lib/turtlebot_nav2_slam/__init__.py -> /home/anurag-mittal/nav2_slam_ws/install/turtlebot_nav2_slam/lib/python3.12/site-packages/turtlebot_nav2_slam
byte-compiling /home/anurag-mittal/nav2_slam_ws/install/turtlebot_nav2_slam/lib/python3.12/site-packages/turtlebot_nav2_slam/__init__.py to __init__.cpython-312.pyc
running install_data
creating /home/anurag-mittal/nav2_slam_ws/install/turtlebot_nav2_slam/share/ament_index
creating /home/anurag-mittal/nav2_slam_ws/install/turtlebot_nav2_slam/share/ament_index/resource_index
creating /home/anurag-mittal/nav2_slam_ws/install/turtlebot_nav2_slam/share/ament_index/resource_index/packages
copying resource/turtlebot_nav2_slam -> /home/anurag-mittal/nav2_slam_ws/install/turtlebot_nav2_slam/share/ament_index/resource_index/packages
copying package.xml -> /home/anurag-mittal/nav2_slam_ws/install/turtlebot_nav2_slam/share/turtlebot_nav2_slam
creating /home/anurag-mittal/nav2_slam_ws/install/turtlebot_nav2_slam/share/turtlebot_nav2_slam/launch
copying launch/nav2_slam_launch.py -> /home/anurag-mittal/nav2_slam_ws/install/turtlebot_nav2_slam/share/turtlebot_nav2_slam/launch
creating /home/anurag-mittal/nav2_slam_ws/install/turtlebot_nav2_slam/share/turtlebot_nav2_slam/config
copying config/nav2_params.yaml -> /home/anurag-mittal/nav2_slam_ws/install/turtlebot_nav2_slam/share/turtlebot_nav2_slam/config
copying config/slam_params.yaml -> /home/anurag-mittal/nav2_slam_ws/install/turtlebot_nav2_slam/share/turtlebot_nav2_slam/config
creating /home/anurag-mittal/nav2_slam_ws/install/turtlebot_nav2_slam/share/turtlebot_nav2_slam/scripts
copying scripts/waypoint_navigator.py -> /home/anurag-mittal/nav2_slam_ws/install/turtlebot_nav2_slam/share/turtlebot_nav2_slam/scripts
running install_egg_info
Copying ../../build/turtlebot_nav2_slam/turtlebot_nav2_slam.egg-info to /home/anurag-mittal/nav2_slam_ws/install/turtlebot_nav2_slam/lib/python3.12/site-packages/turtlebot_nav2_slam-1.0.0-py3.12.egg-info
running install_scripts
Installing waypoint_navigator script to /home/anurag-mittal/nav2_slam_ws/install/turtlebot_nav2_slam/lib/turtlebot_nav2_slam
writing list of installed files to '/home/anurag-mittal/nav2_slam_ws/build/turtlebot_nav2_slam/install.log'
