[5.212s] Invoking command in '/home/anurag-mittal/nav2_slam_ws/src/turtlebot_nav2_slam': DEBUGINFOD_URLS=https://debuginfod.ubuntu.com PYTHONPATH=/home/anurag-mittal/nav2_slam_ws/build/turtlebot_nav2_slam/prefix_override:/usr/lib/python3/dist-packages/colcon_core/task/python/colcon_distutils_commands:/home/anurag-mittal/nav2_slam_ws/install/turtlebot_nav2_slam/lib/python3.12/site-packages:${PYTHONPATH} /usr/bin/python3 -W ignore:setup.py install is deprecated -W ignore:easy_install command is deprecated setup.py egg_info --egg-base ../../build/turtlebot_nav2_slam build --build-base /home/anurag-mittal/nav2_slam_ws/build/turtlebot_nav2_slam/build install --record /home/anurag-mittal/nav2_slam_ws/build/turtlebot_nav2_slam/install.log --single-version-externally-managed install_data
[7.135s] running egg_info
[7.271s] writing ../../build/turtlebot_nav2_slam/turtlebot_nav2_slam.egg-info/PKG-INFO
[7.274s] writing dependency_links to ../../build/turtlebot_nav2_slam/turtlebot_nav2_slam.egg-info/dependency_links.txt
[7.275s] writing entry points to ../../build/turtlebot_nav2_slam/turtlebot_nav2_slam.egg-info/entry_points.txt
[7.276s] writing requirements to ../../build/turtlebot_nav2_slam/turtlebot_nav2_slam.egg-info/requires.txt
[7.276s] writing top-level names to ../../build/turtlebot_nav2_slam/turtlebot_nav2_slam.egg-info/top_level.txt
[7.544s] reading manifest file '../../build/turtlebot_nav2_slam/turtlebot_nav2_slam.egg-info/SOURCES.txt'
[7.548s] writing manifest file '../../build/turtlebot_nav2_slam/turtlebot_nav2_slam.egg-info/SOURCES.txt'
[7.550s] running build
[7.551s] running build_py
[7.554s] running install
[7.594s] running install_lib
[7.750s] running install_data
[7.754s] copying config/nav2_complete.yaml -> /home/anurag-mittal/nav2_slam_ws/install/turtlebot_nav2_slam/share/turtlebot_nav2_slam/config
[7.755s] running install_egg_info
[7.912s] removing '/home/anurag-mittal/nav2_slam_ws/install/turtlebot_nav2_slam/lib/python3.12/site-packages/turtlebot_nav2_slam-1.0.0-py3.12.egg-info' (and everything under it)
[7.912s] Copying ../../build/turtlebot_nav2_slam/turtlebot_nav2_slam.egg-info to /home/anurag-mittal/nav2_slam_ws/install/turtlebot_nav2_slam/lib/python3.12/site-packages/turtlebot_nav2_slam-1.0.0-py3.12.egg-info
[7.915s] running install_scripts
[9.151s] Installing waypoint_navigator script to /home/anurag-mittal/nav2_slam_ws/install/turtlebot_nav2_slam/lib/turtlebot_nav2_slam
[9.160s] writing list of installed files to '/home/anurag-mittal/nav2_slam_ws/build/turtlebot_nav2_slam/install.log'
[9.408s] Invoked command in '/home/anurag-mittal/nav2_slam_ws/src/turtlebot_nav2_slam' returned '0': DEBUGINFOD_URLS=https://debuginfod.ubuntu.com PYTHONPATH=/home/anurag-mittal/nav2_slam_ws/build/turtlebot_nav2_slam/prefix_override:/usr/lib/python3/dist-packages/colcon_core/task/python/colcon_distutils_commands:/home/anurag-mittal/nav2_slam_ws/install/turtlebot_nav2_slam/lib/python3.12/site-packages:${PYTHONPATH} /usr/bin/python3 -W ignore:setup.py install is deprecated -W ignore:easy_install command is deprecated setup.py egg_info --egg-base ../../build/turtlebot_nav2_slam build --build-base /home/anurag-mittal/nav2_slam_ws/build/turtlebot_nav2_slam/build install --record /home/anurag-mittal/nav2_slam_ws/build/turtlebot_nav2_slam/install.log --single-version-externally-managed install_data
