/home/anurag-mittal/nav2_slam_ws/install/turtlebot_nav2_slam/lib/python3.12/site-packages/turtlebot_nav2_slam/__init__.py
/home/anurag-mittal/nav2_slam_ws/install/turtlebot_nav2_slam/lib/python3.12/site-packages/turtlebot_nav2_slam/waypoint_navigator.py
/home/anurag-mittal/nav2_slam_ws/install/turtlebot_nav2_slam/lib/python3.12/site-packages/turtlebot_nav2_slam/__pycache__/__init__.cpython-312.pyc
/home/anurag-mittal/nav2_slam_ws/install/turtlebot_nav2_slam/lib/python3.12/site-packages/turtlebot_nav2_slam/__pycache__/waypoint_navigator.cpython-312.pyc
/home/anurag-mittal/nav2_slam_ws/install/turtlebot_nav2_slam/share/ament_index/resource_index/packages/turtlebot_nav2_slam
/home/anurag-mittal/nav2_slam_ws/install/turtlebot_nav2_slam/share/turtlebot_nav2_slam/package.xml
/home/anurag-mittal/nav2_slam_ws/install/turtlebot_nav2_slam/share/turtlebot_nav2_slam/launch/nav_twist_only.py
/home/anurag-mittal/nav2_slam_ws/install/turtlebot_nav2_slam/share/turtlebot_nav2_slam/launch/nav2_slam_launch.py
/home/anurag-mittal/nav2_slam_ws/install/turtlebot_nav2_slam/share/turtlebot_nav2_slam/launch/nav_only_launch.py
/home/anurag-mittal/nav2_slam_ws/install/turtlebot_nav2_slam/share/turtlebot_nav2_slam/config/nav2_params.yaml
/home/anurag-mittal/nav2_slam_ws/install/turtlebot_nav2_slam/share/turtlebot_nav2_slam/config/slam_params.yaml
/home/anurag-mittal/nav2_slam_ws/install/turtlebot_nav2_slam/share/turtlebot_nav2_slam/config/nav2_twist.yaml
/home/anurag-mittal/nav2_slam_ws/install/turtlebot_nav2_slam/share/turtlebot_nav2_slam/config/nav2_complete.yaml
/home/anurag-mittal/nav2_slam_ws/install/turtlebot_nav2_slam/share/turtlebot_nav2_slam/config/nav2_working.yaml
/home/anurag-mittal/nav2_slam_ws/install/turtlebot_nav2_slam/share/turtlebot_nav2_slam/config/better_obstacle_params.yaml
/home/anurag-mittal/nav2_slam_ws/install/turtlebot_nav2_slam/share/turtlebot_nav2_slam/config/nav2_costmap.yaml
/home/anurag-mittal/nav2_slam_ws/install/turtlebot_nav2_slam/lib/python3.12/site-packages/turtlebot_nav2_slam-1.0.0-py3.12.egg-info/requires.txt
/home/anurag-mittal/nav2_slam_ws/install/turtlebot_nav2_slam/lib/python3.12/site-packages/turtlebot_nav2_slam-1.0.0-py3.12.egg-info/entry_points.txt
/home/anurag-mittal/nav2_slam_ws/install/turtlebot_nav2_slam/lib/python3.12/site-packages/turtlebot_nav2_slam-1.0.0-py3.12.egg-info/PKG-INFO
/home/anurag-mittal/nav2_slam_ws/install/turtlebot_nav2_slam/lib/python3.12/site-packages/turtlebot_nav2_slam-1.0.0-py3.12.egg-info/top_level.txt
/home/anurag-mittal/nav2_slam_ws/install/turtlebot_nav2_slam/lib/python3.12/site-packages/turtlebot_nav2_slam-1.0.0-py3.12.egg-info/dependency_links.txt
/home/anurag-mittal/nav2_slam_ws/install/turtlebot_nav2_slam/lib/python3.12/site-packages/turtlebot_nav2_slam-1.0.0-py3.12.egg-info/zip-safe
/home/anurag-mittal/nav2_slam_ws/install/turtlebot_nav2_slam/lib/python3.12/site-packages/turtlebot_nav2_slam-1.0.0-py3.12.egg-info/SOURCES.txt
/home/anurag-mittal/nav2_slam_ws/install/turtlebot_nav2_slam/lib/turtlebot_nav2_slam/waypoint_navigator
