running egg_info
writing ../../build/turtlebot_nav2_slam/turtlebot_nav2_slam.egg-info/PKG-INFO
writing dependency_links to ../../build/turtlebot_nav2_slam/turtlebot_nav2_slam.egg-info/dependency_links.txt
writing entry points to ../../build/turtlebot_nav2_slam/turtlebot_nav2_slam.egg-info/entry_points.txt
writing requirements to ../../build/turtlebot_nav2_slam/turtlebot_nav2_slam.egg-info/requires.txt
writing top-level names to ../../build/turtlebot_nav2_slam/turtlebot_nav2_slam.egg-info/top_level.txt
reading manifest file '../../build/turtlebot_nav2_slam/turtlebot_nav2_slam.egg-info/SOURCES.txt'
writing manifest file '../../build/turtlebot_nav2_slam/turtlebot_nav2_slam.egg-info/SOURCES.txt'
running build
running build_py
running install
running install_lib
running install_data
copying launch/nav_twist_only.py -> /home/anurag-mittal/nav2_slam_ws/install/turtlebot_nav2_slam/share/turtlebot_nav2_slam/launch
running install_egg_info
removing '/home/anurag-mittal/nav2_slam_ws/install/turtlebot_nav2_slam/lib/python3.12/site-packages/turtlebot_nav2_slam-1.0.0-py3.12.egg-info' (and everything under it)
Copying ../../build/turtlebot_nav2_slam/turtlebot_nav2_slam.egg-info to /home/anurag-mittal/nav2_slam_ws/install/turtlebot_nav2_slam/lib/python3.12/site-packages/turtlebot_nav2_slam-1.0.0-py3.12.egg-info
running install_scripts
Installing waypoint_navigator script to /home/anurag-mittal/nav2_slam_ws/install/turtlebot_nav2_slam/lib/turtlebot_nav2_slam
writing list of installed files to '/home/anurag-mittal/nav2_slam_ws/build/turtlebot_nav2_slam/install.log'
