[5.265s] Invoking command in '/home/anurag-mittal/nav2_slam_ws/src/turtlebot_nav2_slam': DEBUGINFOD_URLS=https://debuginfod.ubuntu.com PYTHONPATH=/home/anurag-mittal/nav2_slam_ws/build/turtlebot_nav2_slam/prefix_override:/usr/lib/python3/dist-packages/colcon_core/task/python/colcon_distutils_commands:/home/anurag-mittal/nav2_slam_ws/install/turtlebot_nav2_slam/lib/python3.12/site-packages:${PYTHONPATH} /usr/bin/python3 -W ignore:setup.py install is deprecated -W ignore:easy_install command is deprecated setup.py egg_info --egg-base ../../build/turtlebot_nav2_slam build --build-base /home/anurag-mittal/nav2_slam_ws/build/turtlebot_nav2_slam/build install --record /home/anurag-mittal/nav2_slam_ws/build/turtlebot_nav2_slam/install.log --single-version-externally-managed install_data
[6.888s] running egg_info
[6.987s] writing ../../build/turtlebot_nav2_slam/turtlebot_nav2_slam.egg-info/PKG-INFO
[6.988s] writing dependency_links to ../../build/turtlebot_nav2_slam/turtlebot_nav2_slam.egg-info/dependency_links.txt
[6.989s] writing entry points to ../../build/turtlebot_nav2_slam/turtlebot_nav2_slam.egg-info/entry_points.txt
[6.989s] writing requirements to ../../build/turtlebot_nav2_slam/turtlebot_nav2_slam.egg-info/requires.txt
[6.990s] writing top-level names to ../../build/turtlebot_nav2_slam/turtlebot_nav2_slam.egg-info/top_level.txt
[7.195s] reading manifest file '../../build/turtlebot_nav2_slam/turtlebot_nav2_slam.egg-info/SOURCES.txt'
[7.199s] writing manifest file '../../build/turtlebot_nav2_slam/turtlebot_nav2_slam.egg-info/SOURCES.txt'
[7.202s] running build
[7.203s] running build_py
[7.204s] running install
[7.240s] running install_lib
[7.332s] running install_data
[7.334s] copying config/nav2_working.yaml -> /home/anurag-mittal/nav2_slam_ws/install/turtlebot_nav2_slam/share/turtlebot_nav2_slam/config
[7.334s] running install_egg_info
[7.430s] removing '/home/anurag-mittal/nav2_slam_ws/install/turtlebot_nav2_slam/lib/python3.12/site-packages/turtlebot_nav2_slam-1.0.0-py3.12.egg-info' (and everything under it)
[7.432s] Copying ../../build/turtlebot_nav2_slam/turtlebot_nav2_slam.egg-info to /home/anurag-mittal/nav2_slam_ws/install/turtlebot_nav2_slam/lib/python3.12/site-packages/turtlebot_nav2_slam-1.0.0-py3.12.egg-info
[7.437s] running install_scripts
[8.151s] Installing waypoint_navigator script to /home/anurag-mittal/nav2_slam_ws/install/turtlebot_nav2_slam/lib/turtlebot_nav2_slam
[8.152s] writing list of installed files to '/home/anurag-mittal/nav2_slam_ws/build/turtlebot_nav2_slam/install.log'
[8.455s] Invoked command in '/home/anurag-mittal/nav2_slam_ws/src/turtlebot_nav2_slam' returned '0': DEBUGINFOD_URLS=https://debuginfod.ubuntu.com PYTHONPATH=/home/anurag-mittal/nav2_slam_ws/build/turtlebot_nav2_slam/prefix_override:/usr/lib/python3/dist-packages/colcon_core/task/python/colcon_distutils_commands:/home/anurag-mittal/nav2_slam_ws/install/turtlebot_nav2_slam/lib/python3.12/site-packages:${PYTHONPATH} /usr/bin/python3 -W ignore:setup.py install is deprecated -W ignore:easy_install command is deprecated setup.py egg_info --egg-base ../../build/turtlebot_nav2_slam build --build-base /home/anurag-mittal/nav2_slam_ws/build/turtlebot_nav2_slam/build install --record /home/anurag-mittal/nav2_slam_ws/build/turtlebot_nav2_slam/install.log --single-version-externally-managed install_data
