[0.799s] DEBUG:colcon:Command line arguments: ['/usr/bin/colcon', 'build', '--packages-select', 'turtlebot_nav2_slam']
[0.799s] DEBUG:colcon:Parsed command line arguments: Namespace(log_base=None, log_level=None, verb_name='build', build_base='build', install_base='install', merge_install=False, symlink_install=False, test_result_base=None, continue_on_error=False, executor='parallel', parallel_workers=12, event_handlers=None, ignore_user_meta=False, metas=['./colcon.meta'], base_paths=['.'], packages_ignore=None, packages_ignore_regex=None, paths=None, packages_up_to=None, packages_up_to_regex=None, packages_above=None, packages_above_and_dependencies=None, packages_above_depth=None, packages_select_by_dep=None, packages_skip_by_dep=None, packages_skip_up_to=None, packages_select_build_failed=False, packages_skip_build_finished=False, packages_select_test_failures=False, packages_skip_test_passed=False, packages_select=['turtlebot_nav2_slam'], packages_skip=None, packages_select_regex=None, packages_skip_regex=None, packages_start=None, packages_end=None, allow_overriding=[], cmake_args=None, cmake_target=None, cmake_target_skip_unavailable=False, cmake_clean_cache=False, cmake_clean_first=False, cmake_force_configure=False, ament_cmake_args=None, catkin_cmake_args=None, catkin_skip_building_tests=False, mixin_files=None, mixin=None, verb_parser=<colcon_mixin.mixin.mixin_argument.MixinArgumentDecorator object at 0x7bd81453d610>, verb_extension=<colcon_core.verb.build.BuildVerb object at 0x7bd81453ce00>, main=<bound method BuildVerb.main of <colcon_core.verb.build.BuildVerb object at 0x7bd81453ce00>>, mixin_verb=('build',))
[1.099s] Level 1:colcon.colcon_core.package_discovery:discover_packages(colcon_meta) check parameters
[1.100s] Level 1:colcon.colcon_core.package_discovery:discover_packages(recursive) check parameters
[1.101s] Level 1:colcon.colcon_core.package_discovery:discover_packages(ignore) check parameters
[1.101s] Level 1:colcon.colcon_core.package_discovery:discover_packages(path) check parameters
[1.101s] Level 1:colcon.colcon_core.package_discovery:discover_packages(colcon_meta) discover
[1.102s] Level 1:colcon.colcon_core.package_discovery:discover_packages(recursive) discover
[1.102s] INFO:colcon.colcon_core.package_discovery:Crawling recursively for packages in '/home/anurag-mittal/nav2_slam_ws'
[1.103s] Level 1:colcon.colcon_core.package_identification:_identify(.) by extensions ['ignore', 'ignore_ament_install']
[1.104s] Level 1:colcon.colcon_core.package_identification:_identify(.) by extension 'ignore'
[1.105s] Level 1:colcon.colcon_core.package_identification:_identify(.) by extension 'ignore_ament_install'
[1.106s] Level 1:colcon.colcon_core.package_identification:_identify(.) by extensions ['colcon_pkg']
[1.106s] Level 1:colcon.colcon_core.package_identification:_identify(.) by extension 'colcon_pkg'
[1.106s] Level 1:colcon.colcon_core.package_identification:_identify(.) by extensions ['colcon_meta']
[1.107s] Level 1:colcon.colcon_core.package_identification:_identify(.) by extension 'colcon_meta'
[1.107s] Level 1:colcon.colcon_core.package_identification:_identify(.) by extensions ['ros']
[1.107s] Level 1:colcon.colcon_core.package_identification:_identify(.) by extension 'ros'
[1.309s] Level 1:colcon.colcon_core.package_identification:_identify(.) by extensions ['cmake', 'python']
[1.309s] Level 1:colcon.colcon_core.package_identification:_identify(.) by extension 'cmake'
[1.310s] Level 1:colcon.colcon_core.package_identification:_identify(.) by extension 'python'
[1.310s] Level 1:colcon.colcon_core.package_identification:_identify(.) by extensions ['python_setup_py']
[1.310s] Level 1:colcon.colcon_core.package_identification:_identify(.) by extension 'python_setup_py'
[1.311s] Level 1:colcon.colcon_core.package_identification:_identify(build) by extensions ['ignore', 'ignore_ament_install']
[1.311s] Level 1:colcon.colcon_core.package_identification:_identify(build) by extension 'ignore'
[1.312s] Level 1:colcon.colcon_core.package_identification:_identify(build) ignored
[1.313s] Level 1:colcon.colcon_core.package_identification:_identify(install) by extensions ['ignore', 'ignore_ament_install']
[1.313s] Level 1:colcon.colcon_core.package_identification:_identify(install) by extension 'ignore'
[1.313s] Level 1:colcon.colcon_core.package_identification:_identify(install) ignored
[1.314s] Level 1:colcon.colcon_core.package_identification:_identify(log) by extensions ['ignore', 'ignore_ament_install']
[1.315s] Level 1:colcon.colcon_core.package_identification:_identify(log) by extension 'ignore'
[1.315s] Level 1:colcon.colcon_core.package_identification:_identify(log) ignored
[1.316s] Level 1:colcon.colcon_core.package_identification:_identify(src) by extensions ['ignore', 'ignore_ament_install']
[1.316s] Level 1:colcon.colcon_core.package_identification:_identify(src) by extension 'ignore'
[1.317s] Level 1:colcon.colcon_core.package_identification:_identify(src) by extension 'ignore_ament_install'
[1.317s] Level 1:colcon.colcon_core.package_identification:_identify(src) by extensions ['colcon_pkg']
[1.318s] Level 1:colcon.colcon_core.package_identification:_identify(src) by extension 'colcon_pkg'
[1.318s] Level 1:colcon.colcon_core.package_identification:_identify(src) by extensions ['colcon_meta']
[1.318s] Level 1:colcon.colcon_core.package_identification:_identify(src) by extension 'colcon_meta'
[1.319s] Level 1:colcon.colcon_core.package_identification:_identify(src) by extensions ['ros']
[1.319s] Level 1:colcon.colcon_core.package_identification:_identify(src) by extension 'ros'
[1.319s] Level 1:colcon.colcon_core.package_identification:_identify(src) by extensions ['cmake', 'python']
[1.320s] Level 1:colcon.colcon_core.package_identification:_identify(src) by extension 'cmake'
[1.320s] Level 1:colcon.colcon_core.package_identification:_identify(src) by extension 'python'
[1.320s] Level 1:colcon.colcon_core.package_identification:_identify(src) by extensions ['python_setup_py']
[1.320s] Level 1:colcon.colcon_core.package_identification:_identify(src) by extension 'python_setup_py'
[1.321s] Level 1:colcon.colcon_core.package_identification:_identify(src/turtlebot_nav2_slam) by extensions ['ignore', 'ignore_ament_install']
[1.322s] Level 1:colcon.colcon_core.package_identification:_identify(src/turtlebot_nav2_slam) by extension 'ignore'
[1.322s] Level 1:colcon.colcon_core.package_identification:_identify(src/turtlebot_nav2_slam) by extension 'ignore_ament_install'
[1.322s] Level 1:colcon.colcon_core.package_identification:_identify(src/turtlebot_nav2_slam) by extensions ['colcon_pkg']
[1.322s] Level 1:colcon.colcon_core.package_identification:_identify(src/turtlebot_nav2_slam) by extension 'colcon_pkg'
[1.323s] Level 1:colcon.colcon_core.package_identification:_identify(src/turtlebot_nav2_slam) by extensions ['colcon_meta']
[1.323s] Level 1:colcon.colcon_core.package_identification:_identify(src/turtlebot_nav2_slam) by extension 'colcon_meta'
[1.323s] Level 1:colcon.colcon_core.package_identification:_identify(src/turtlebot_nav2_slam) by extensions ['ros']
[1.323s] Level 1:colcon.colcon_core.package_identification:_identify(src/turtlebot_nav2_slam) by extension 'ros'
[1.343s] DEBUG:colcon.colcon_core.package_identification:Package 'src/turtlebot_nav2_slam' with type 'ros.ament_python' and name 'turtlebot_nav2_slam'
[1.343s] Level 1:colcon.colcon_core.package_discovery:discover_packages(recursive) using defaults
[1.344s] Level 1:colcon.colcon_core.package_discovery:discover_packages(ignore) discover
[1.344s] Level 1:colcon.colcon_core.package_discovery:discover_packages(ignore) using defaults
[1.344s] Level 1:colcon.colcon_core.package_discovery:discover_packages(path) discover
[1.345s] Level 1:colcon.colcon_core.package_discovery:discover_packages(path) using defaults
[1.480s] Level 1:colcon.colcon_core.package_discovery:discover_packages(prefix_path) check parameters
[1.480s] Level 1:colcon.colcon_core.package_discovery:discover_packages(prefix_path) discover
[1.491s] DEBUG:colcon.colcon_installed_package_information.package_discovery:Found 1 installed packages in /home/anurag-mittal/nav2_slam_ws/install
[1.493s] DEBUG:colcon.colcon_installed_package_information.package_discovery:Found 1 installed packages in /home/anurag-mittal/turtlebot_trajectory_ws/install
[1.505s] DEBUG:colcon.colcon_installed_package_information.package_discovery:Found 395 installed packages in /opt/ros/jazzy
[1.515s] Level 1:colcon.colcon_core.package_discovery:discover_packages(prefix_path) using defaults
[1.845s] Level 5:colcon.colcon_core.verb:set package 'turtlebot_nav2_slam' build argument 'cmake_args' from command line to 'None'
[1.846s] Level 5:colcon.colcon_core.verb:set package 'turtlebot_nav2_slam' build argument 'cmake_target' from command line to 'None'
[1.846s] Level 5:colcon.colcon_core.verb:set package 'turtlebot_nav2_slam' build argument 'cmake_target_skip_unavailable' from command line to 'False'
[1.846s] Level 5:colcon.colcon_core.verb:set package 'turtlebot_nav2_slam' build argument 'cmake_clean_cache' from command line to 'False'
[1.846s] Level 5:colcon.colcon_core.verb:set package 'turtlebot_nav2_slam' build argument 'cmake_clean_first' from command line to 'False'
[1.846s] Level 5:colcon.colcon_core.verb:set package 'turtlebot_nav2_slam' build argument 'cmake_force_configure' from command line to 'False'
[1.846s] Level 5:colcon.colcon_core.verb:set package 'turtlebot_nav2_slam' build argument 'ament_cmake_args' from command line to 'None'
[1.846s] Level 5:colcon.colcon_core.verb:set package 'turtlebot_nav2_slam' build argument 'catkin_cmake_args' from command line to 'None'
[1.847s] Level 5:colcon.colcon_core.verb:set package 'turtlebot_nav2_slam' build argument 'catkin_skip_building_tests' from command line to 'False'
[1.847s] DEBUG:colcon.colcon_core.verb:Building package 'turtlebot_nav2_slam' with the following arguments: {'ament_cmake_args': None, 'build_base': '/home/anurag-mittal/nav2_slam_ws/build/turtlebot_nav2_slam', 'catkin_cmake_args': None, 'catkin_skip_building_tests': False, 'cmake_args': None, 'cmake_clean_cache': False, 'cmake_clean_first': False, 'cmake_force_configure': False, 'cmake_target': None, 'cmake_target_skip_unavailable': False, 'install_base': '/home/anurag-mittal/nav2_slam_ws/install/turtlebot_nav2_slam', 'merge_install': False, 'path': '/home/anurag-mittal/nav2_slam_ws/src/turtlebot_nav2_slam', 'symlink_install': False, 'test_result_base': None}
[1.848s] INFO:colcon.colcon_core.executor:Executing jobs using 'parallel' executor
[1.851s] DEBUG:colcon.colcon_parallel_executor.executor.parallel:run_until_complete
[1.852s] INFO:colcon.colcon_ros.task.ament_python.build:Building ROS package in '/home/anurag-mittal/nav2_slam_ws/src/turtlebot_nav2_slam' with build type 'ament_python'
[1.853s] Level 1:colcon.colcon_core.shell:create_environment_hook('turtlebot_nav2_slam', 'ament_prefix_path')
[1.864s] INFO:colcon.colcon_core.plugin_system:Skipping extension 'colcon_core.shell.bat': Not used on non-Windows systems
[1.865s] INFO:colcon.colcon_core.shell:Creating environment hook '/home/anurag-mittal/nav2_slam_ws/install/turtlebot_nav2_slam/share/turtlebot_nav2_slam/hook/ament_prefix_path.ps1'
[1.869s] INFO:colcon.colcon_core.shell:Creating environment descriptor '/home/anurag-mittal/nav2_slam_ws/install/turtlebot_nav2_slam/share/turtlebot_nav2_slam/hook/ament_prefix_path.dsv'
[1.872s] INFO:colcon.colcon_core.shell:Creating environment hook '/home/anurag-mittal/nav2_slam_ws/install/turtlebot_nav2_slam/share/turtlebot_nav2_slam/hook/ament_prefix_path.sh'
[1.876s] INFO:colcon.colcon_core.shell:Skip shell extension 'powershell' for command environment: Not usable outside of PowerShell
[1.877s] DEBUG:colcon.colcon_core.shell:Skip shell extension 'dsv' for command environment
[3.321s] INFO:colcon.colcon_core.task.python.build:Building Python package in '/home/anurag-mittal/nav2_slam_ws/src/turtlebot_nav2_slam'
[3.323s] INFO:colcon.colcon_core.shell:Skip shell extension 'powershell' for command environment: Not usable outside of PowerShell
[3.323s] DEBUG:colcon.colcon_core.shell:Skip shell extension 'dsv' for command environment
[7.120s] DEBUG:colcon.colcon_core.event_handler.log_command:Invoking command in '/home/anurag-mittal/nav2_slam_ws/src/turtlebot_nav2_slam': DEBUGINFOD_URLS=https://debuginfod.ubuntu.com PYTHONPATH=/home/anurag-mittal/nav2_slam_ws/build/turtlebot_nav2_slam/prefix_override:/usr/lib/python3/dist-packages/colcon_core/task/python/colcon_distutils_commands:/home/anurag-mittal/nav2_slam_ws/install/turtlebot_nav2_slam/lib/python3.12/site-packages:${PYTHONPATH} /usr/bin/python3 -W ignore:setup.py install is deprecated -W ignore:easy_install command is deprecated setup.py egg_info --egg-base ../../build/turtlebot_nav2_slam build --build-base /home/anurag-mittal/nav2_slam_ws/build/turtlebot_nav2_slam/build install --record /home/anurag-mittal/nav2_slam_ws/build/turtlebot_nav2_slam/install.log --single-version-externally-managed install_data
[10.310s] DEBUG:colcon.colcon_core.event_handler.log_command:Invoked command in '/home/anurag-mittal/nav2_slam_ws/src/turtlebot_nav2_slam' returned '0': DEBUGINFOD_URLS=https://debuginfod.ubuntu.com PYTHONPATH=/home/anurag-mittal/nav2_slam_ws/build/turtlebot_nav2_slam/prefix_override:/usr/lib/python3/dist-packages/colcon_core/task/python/colcon_distutils_commands:/home/anurag-mittal/nav2_slam_ws/install/turtlebot_nav2_slam/lib/python3.12/site-packages:${PYTHONPATH} /usr/bin/python3 -W ignore:setup.py install is deprecated -W ignore:easy_install command is deprecated setup.py egg_info --egg-base ../../build/turtlebot_nav2_slam build --build-base /home/anurag-mittal/nav2_slam_ws/build/turtlebot_nav2_slam/build install --record /home/anurag-mittal/nav2_slam_ws/build/turtlebot_nav2_slam/install.log --single-version-externally-managed install_data
[10.320s] Level 1:colcon.colcon_core.environment:checking '/home/anurag-mittal/nav2_slam_ws/install/turtlebot_nav2_slam' for CMake module files
[10.322s] Level 1:colcon.colcon_core.environment:checking '/home/anurag-mittal/nav2_slam_ws/install/turtlebot_nav2_slam' for CMake config files
[10.325s] Level 1:colcon.colcon_core.environment:checking '/home/anurag-mittal/nav2_slam_ws/install/turtlebot_nav2_slam/lib'
[10.326s] Level 1:colcon.colcon_core.environment:checking '/home/anurag-mittal/nav2_slam_ws/install/turtlebot_nav2_slam/bin'
[10.327s] Level 1:colcon.colcon_core.environment:checking '/home/anurag-mittal/nav2_slam_ws/install/turtlebot_nav2_slam/lib/pkgconfig/turtlebot_nav2_slam.pc'
[10.328s] Level 1:colcon.colcon_core.environment:checking '/home/anurag-mittal/nav2_slam_ws/install/turtlebot_nav2_slam/lib/python3.12/site-packages'
[10.328s] Level 1:colcon.colcon_core.shell:create_environment_hook('turtlebot_nav2_slam', 'pythonpath')
[10.329s] INFO:colcon.colcon_core.shell:Creating environment hook '/home/anurag-mittal/nav2_slam_ws/install/turtlebot_nav2_slam/share/turtlebot_nav2_slam/hook/pythonpath.ps1'
[10.331s] INFO:colcon.colcon_core.shell:Creating environment descriptor '/home/anurag-mittal/nav2_slam_ws/install/turtlebot_nav2_slam/share/turtlebot_nav2_slam/hook/pythonpath.dsv'
[10.333s] INFO:colcon.colcon_core.shell:Creating environment hook '/home/anurag-mittal/nav2_slam_ws/install/turtlebot_nav2_slam/share/turtlebot_nav2_slam/hook/pythonpath.sh'
[10.336s] Level 1:colcon.colcon_core.environment:checking '/home/anurag-mittal/nav2_slam_ws/install/turtlebot_nav2_slam/bin'
[10.337s] Level 1:colcon.colcon_core.environment:create_environment_scripts_only(turtlebot_nav2_slam)
[10.338s] INFO:colcon.colcon_core.shell:Creating package script '/home/anurag-mittal/nav2_slam_ws/install/turtlebot_nav2_slam/share/turtlebot_nav2_slam/package.ps1'
[10.343s] INFO:colcon.colcon_core.shell:Creating package descriptor '/home/anurag-mittal/nav2_slam_ws/install/turtlebot_nav2_slam/share/turtlebot_nav2_slam/package.dsv'
[10.348s] INFO:colcon.colcon_core.shell:Creating package script '/home/anurag-mittal/nav2_slam_ws/install/turtlebot_nav2_slam/share/turtlebot_nav2_slam/package.sh'
[10.351s] INFO:colcon.colcon_core.shell:Creating package script '/home/anurag-mittal/nav2_slam_ws/install/turtlebot_nav2_slam/share/turtlebot_nav2_slam/package.bash'
[10.354s] INFO:colcon.colcon_core.shell:Creating package script '/home/anurag-mittal/nav2_slam_ws/install/turtlebot_nav2_slam/share/turtlebot_nav2_slam/package.zsh'
[10.357s] Level 1:colcon.colcon_core.environment:create_file_with_runtime_dependencies(/home/anurag-mittal/nav2_slam_ws/install/turtlebot_nav2_slam/share/colcon-core/packages/turtlebot_nav2_slam)
[10.360s] DEBUG:colcon.colcon_parallel_executor.executor.parallel:closing loop
[10.361s] DEBUG:colcon.colcon_parallel_executor.executor.parallel:loop closed
[10.361s] DEBUG:colcon.colcon_parallel_executor.executor.parallel:run_until_complete finished with '0'
[10.362s] DEBUG:colcon.colcon_core.event_reactor:joining thread
[10.398s] INFO:colcon.colcon_core.plugin_system:Skipping extension 'colcon_notification.desktop_notification.terminal_notifier': Not used on non-Darwin systems
[10.400s] INFO:colcon.colcon_core.plugin_system:Skipping extension 'colcon_notification.desktop_notification.win32': Not used on non-Windows systems
[10.401s] INFO:colcon.colcon_notification.desktop_notification:Sending desktop notification using 'notify2'
[10.485s] DEBUG:colcon.colcon_core.event_reactor:joined thread
[10.488s] INFO:colcon.colcon_core.shell:Creating prefix script '/home/anurag-mittal/nav2_slam_ws/install/local_setup.ps1'
[10.493s] INFO:colcon.colcon_core.shell:Creating prefix util module '/home/anurag-mittal/nav2_slam_ws/install/_local_setup_util_ps1.py'
[10.499s] INFO:colcon.colcon_core.shell:Creating prefix chain script '/home/anurag-mittal/nav2_slam_ws/install/setup.ps1'
[10.505s] INFO:colcon.colcon_core.shell:Creating prefix script '/home/anurag-mittal/nav2_slam_ws/install/local_setup.sh'
[10.508s] INFO:colcon.colcon_core.shell:Creating prefix util module '/home/anurag-mittal/nav2_slam_ws/install/_local_setup_util_sh.py'
[10.510s] INFO:colcon.colcon_core.shell:Creating prefix chain script '/home/anurag-mittal/nav2_slam_ws/install/setup.sh'
[10.515s] INFO:colcon.colcon_core.shell:Creating prefix script '/home/anurag-mittal/nav2_slam_ws/install/local_setup.bash'
[10.518s] INFO:colcon.colcon_core.shell:Creating prefix chain script '/home/anurag-mittal/nav2_slam_ws/install/setup.bash'
[10.524s] INFO:colcon.colcon_core.shell:Creating prefix script '/home/anurag-mittal/nav2_slam_ws/install/local_setup.zsh'
[10.527s] INFO:colcon.colcon_core.shell:Creating prefix chain script '/home/anurag-mittal/nav2_slam_ws/install/setup.zsh'
