[6.528s] Invoking command in '/home/anurag-mittal/nav2_slam_ws/src/turtlebot_nav2_slam': DEBUGINFOD_URLS=https://debuginfod.ubuntu.com PYTHONPATH=/home/anurag-mittal/nav2_slam_ws/build/turtlebot_nav2_slam/prefix_override:/usr/lib/python3/dist-packages/colcon_core/task/python/colcon_distutils_commands:/home/anurag-mittal/nav2_slam_ws/install/turtlebot_nav2_slam/lib/python3.12/site-packages:${PYTHONPATH} /usr/bin/python3 -W ignore:setup.py install is deprecated -W ignore:easy_install command is deprecated setup.py egg_info --egg-base ../../build/turtlebot_nav2_slam build --build-base /home/anurag-mittal/nav2_slam_ws/build/turtlebot_nav2_slam/build install --record /home/anurag-mittal/nav2_slam_ws/build/turtlebot_nav2_slam/install.log --single-version-externally-managed install_data
[8.231s] running egg_info
[8.364s] writing ../../build/turtlebot_nav2_slam/turtlebot_nav2_slam.egg-info/PKG-INFO
[8.369s] writing dependency_links to ../../build/turtlebot_nav2_slam/turtlebot_nav2_slam.egg-info/dependency_links.txt
[8.372s] writing entry points to ../../build/turtlebot_nav2_slam/turtlebot_nav2_slam.egg-info/entry_points.txt
[8.373s] writing requirements to ../../build/turtlebot_nav2_slam/turtlebot_nav2_slam.egg-info/requires.txt
[8.374s] writing top-level names to ../../build/turtlebot_nav2_slam/turtlebot_nav2_slam.egg-info/top_level.txt
[8.784s] reading manifest file '../../build/turtlebot_nav2_slam/turtlebot_nav2_slam.egg-info/SOURCES.txt'
[8.788s] writing manifest file '../../build/turtlebot_nav2_slam/turtlebot_nav2_slam.egg-info/SOURCES.txt'
[8.791s] running build
[8.791s] running build_py
[8.795s] running install
[8.829s] running install_lib
[8.972s] running install_data
[8.973s] copying config/nav2_costmap.yaml -> /home/anurag-mittal/nav2_slam_ws/install/turtlebot_nav2_slam/share/turtlebot_nav2_slam/config
[8.977s] running install_egg_info
[9.132s] removing '/home/anurag-mittal/nav2_slam_ws/install/turtlebot_nav2_slam/lib/python3.12/site-packages/turtlebot_nav2_slam-1.0.0-py3.12.egg-info' (and everything under it)
[9.135s] Copying ../../build/turtlebot_nav2_slam/turtlebot_nav2_slam.egg-info to /home/anurag-mittal/nav2_slam_ws/install/turtlebot_nav2_slam/lib/python3.12/site-packages/turtlebot_nav2_slam-1.0.0-py3.12.egg-info
[9.140s] running install_scripts
[10.132s] Installing waypoint_navigator script to /home/anurag-mittal/nav2_slam_ws/install/turtlebot_nav2_slam/lib/turtlebot_nav2_slam
[10.132s] writing list of installed files to '/home/anurag-mittal/nav2_slam_ws/build/turtlebot_nav2_slam/install.log'
[10.491s] Invoked command in '/home/anurag-mittal/nav2_slam_ws/src/turtlebot_nav2_slam' returned '0': DEBUGINFOD_URLS=https://debuginfod.ubuntu.com PYTHONPATH=/home/anurag-mittal/nav2_slam_ws/build/turtlebot_nav2_slam/prefix_override:/usr/lib/python3/dist-packages/colcon_core/task/python/colcon_distutils_commands:/home/anurag-mittal/nav2_slam_ws/install/turtlebot_nav2_slam/lib/python3.12/site-packages:${PYTHONPATH} /usr/bin/python3 -W ignore:setup.py install is deprecated -W ignore:easy_install command is deprecated setup.py egg_info --egg-base ../../build/turtlebot_nav2_slam build --build-base /home/anurag-mittal/nav2_slam_ws/build/turtlebot_nav2_slam/build install --record /home/anurag-mittal/nav2_slam_ws/build/turtlebot_nav2_slam/install.log --single-version-externally-managed install_data
